3
5
7
11
13
17
19
23
29
31
41
43
47
53
61
71
79
83
89
97
101
103
107
109
131
151
167
181
197
199
211
223
233
241
251
263
271
281
293
307
331
379
401
421
449
467
491
503
521
541
587
593
601
631
641
647
661
701
727
751
769
811
857
859
863
881
911
967
991
1009
1051
1087
1103
1171
1187
1201
1249
1301
1321
1409
1427
1471
1567
1583
1601
1621
1637
1801
1847
1951
2081
2161
2179
2207
2251
2267
2269
2287
2311
2341
2521
2549
2689
2731
2801
2861
2971
3001
3023
3041
3079
3121
3167
3169
3251
3301
3329
3361
3511
3527
3529
3851
4001
4003
4051
4157
4159
4201
4373
4481
4621
4703
4801
4861
4951
5147
5281
5501
5779
5851
5881
6047
6263
6301
6469
6481
6863
7001
7127
7129
7151
7351
7487
7489
7561
7643
7841
7937
8009
8101
8191
8423
8581
8623
8641
8821
9001
9241
9601
9829
9901
10369
10501
10531
10781
11087
11551
11701
12251
12301
12473
12601
13001
13103
13441
13729
14401
14503
14561
14783
14851
15121
15287
15289
15401
15443
15601
16001
16381
17011
17291
17551
18143
18451
18481
19009
19403
19441
19501
19801
19891
20021
20161
20641
21001
21061
21121
21169
21211
21383
21529
21601
21841
21871
22051
22751
23761
23813
24001
24023
24571
25601
25741
26209
26881
26951
28001
28027
28081
28351
28643
29251
29401
29483
29569
29717
30241
31249
32341
32401
32507
33211
33601
33751
34651
35201
35281
37441
38501
38611
38933
39161
41183
42391
42767
42901
43201
44101
45361
45863
46751
47041
47251
47521
47629
48049
49921
50051
51481
52501
54001
54601
54881
55001
55441
56701
57331
57601
57751
58967
62401
63361
64063
65269
65521
66529
68687
69499
69931
70201
76441
77761
78401
78623
79201
81001
81901
85429
85751
86183
86461
87317
87751
88001
89101
90481
91841
92401
93601
97021
98561
99961
