3
5
7
11
13
17
19
23
29
31
41
47
53
61
71
83
97
101
107
109
151
167
181
211
223
241
271
281
293
379
401
421
449
491
503
541
587
601
631
647
701
769
811
863
911
1009
1051
1103
1201
1427
1471
1567
1601
1621
1801
2161
2207
2267
2269
2521
2801
3001
3023
3041
3079
3167
3361
3527
3529
4051
4201
4373
4703
4801
4861
5779
5881
6047
6263
6301
6481
7351
7561
7841
7937
8101
8641
8821
12301
12601
14401
14503
15121
17011
18143
18451
19009
19441
20161
20641
21169
21211
21601
21871
22051
23813
26881
28001
28351
29401
30241
31249
32401
32507
33211
33601
35281
38933
42391
43201
44101
45361
47041
47251
47629
54601
54881
56701
65269
68687
69931
77761
78401
79201
85429
86183
91841
99961
