3
5
7
11
13
17
19
23
29
31
41
43
47
53
61
71
83
89
97
101
107
109
151
167
181
197
199
211
223
241
251
263
271
281
293
307
331
379
401
421
449
491
503
541
587
593
601
631
641
647
661
701
751
769
811
863
881
911
967
991
1009
1051
1087
1103
1187
1201
1321
1409
1427
1471
1567
1583
1601
1621
1801
1847
2161
2179
2207
2251
2267
2269
2311
2521
2689
2801
2971
3001
3023
3041
3079
3167
3169
3301
3361
3527
3529
3851
4001
4051
4157
4159
4201
4373
4481
4621
4703
4801
4861
4951
5281
5501
5779
5881
6047
6263
6301
6469
6481
7001
7127
7129
7351
7561
7841
7937
8101
8623
8641
8821
9001
9241
9601
9901
10369
10501
10781
11087
11551
12251
12301
12473
12601
13441
14401
14503
14783
14851
15121
15401
16001
17011
18143
18451
18481
19009
19403
19441
19801
20161
20641
21001
21121
21169
21211
21383
21601
21871
22051
23761
23813
24001
24023
25601
26881
26951
28001
28351
28643
29401
29569
30241
31249
32341
32401
32507
33211
33601
33751
34651
35201
35281
38501
38933
39161
42391
42767
43201
44101
45361
46751
47041
47251
47521
47629
52501
54001
54601
54881
55001
55441
56701
57601
57751
63361
65269
66529
68687
69931
77761
78401
79201
81001
85429
85751
86183
86461
87317
88001
89101
91841
92401
97021
98561
99961
